2014_15_Even_Projects/E035, 039, 033, 044/ZippyFood/app/build/outputs/apk/manifest-merger-debug-report.txt
-- Merging decision tree log ---
manifest
ADDED from AndroidManifest.xml:2:1
	xmlns:android
		ADDED from AndroidManifest.xml:2:11
	package
		ADDED from AndroidManifest.xml:3:5
		INJECTED from AndroidManifest.xml:0:0
		INJECTED from AndroidManifest.xml:0:0
	android:versionName
		INJECTED from AndroidManifest.xml:0:0
		INJECTED from AndroidManifest.xml:0:0
	android:versionCode
		INJECTED from AndroidManifest.xml:0:0
		INJECTED from AndroidManifest.xml:0:0
uses-permission#android.permission.INTERNET
ADDED from AndroidManifest.xml:5:5
	android:name
		ADDED from AndroidManifest.xml:5:22
uses-permission#android.permission.ACCESS_NETWORK_STATE
ADDED from AndroidManifest.xml:6:5
	android:name
		ADDED from AndroidManifest.xml:6:22
uses-permission#android.permission.WAKE_LOCK
ADDED from AndroidManifest.xml:7:5
	android:name
		ADDED from AndroidManifest.xml:7:22
uses-permission#android.permission.RECEIVE_BOOT_COMPLETED
ADDED from AndroidManifest.xml:8:5
	android:name
		ADDED from AndroidManifest.xml:8:22
uses-permission#android.permission.VIBRATE
ADDED from AndroidManifest.xml:9:5
	android:name
		ADDED from AndroidManifest.xml:9:22
uses-permission#android.permission.GET_ACCOUNTS
ADDED from AndroidManifest.xml:10:5
	android:name
		ADDED from AndroidManifest.xml:10:22
permission#com.example.samarth.zippyfood.permission.C2D_MESSAGE
ADDED from AndroidManifest.xml:16:5
	android:protectionLevel
		ADDED from AndroidManifest.xml:16:17
	android:name
		ADDED from AndroidManifest.xml:17:9
uses-permission#com.example.samarth.zippyfood.permission.C2D_MESSAGE
ADDED from AndroidManifest.xml:18:5
	android:name
		ADDED from AndroidManifest.xml:18:22
application
ADDED from AndroidManifest.xml:19:5
MERGED from com.android.support:appcompat-v7:21.0.3:16:5
MERGED from com.android.support:support-v4:21.0.3:16:5
	android:label
		ADDED from AndroidManifest.xml:22:9
	android:allowBackup
		ADDED from AndroidManifest.xml:20:9
	android:icon
		ADDED from AndroidManifest.xml:21:9
	android:theme
		ADDED from AndroidManifest.xml:23:9
activity#com.example.samarth.zippyfood.menu
ADDED from AndroidManifest.xml:25:9
	android:label
		ADDED from AndroidManifest.xml:27:13
	android:name
		ADDED from AndroidManifest.xml:26:13
intent-filter#android.intent.action.MAIN+android.intent.category.LAUNCHER
ADDED from AndroidManifest.xml:28:13
action#android.intent.action.MAIN
ADDED from AndroidManifest.xml:29:17
	android:name
		ADDED from AndroidManifest.xml:29:25
category#android.intent.category.LAUNCHER
ADDED from AndroidManifest.xml:31:17
	android:name
		ADDED from AndroidManifest.xml:31:27
activity#com.example.samarth.zippyfood.starter
ADDED from AndroidManifest.xml:34:9
	android:label
		ADDED from AndroidManifest.xml:36:13
	android:name
		ADDED from AndroidManifest.xml:35:13
activity#com.example.samarth.zippyfood.maincourse
ADDED from AndroidManifest.xml:38:9
	android:label
		ADDED from AndroidManifest.xml:40:13
	android:name
		ADDED from AndroidManifest.xml:39:13
activity#com.example.samarth.zippyfood.drinks
ADDED from AndroidManifest.xml:42:9
	android:label
		ADDED from AndroidManifest.xml:44:13
	android:name
		ADDED from AndroidManifest.xml:43:13
activity#com.example.samarth.zippyfood.desserts
ADDED from AndroidManifest.xml:46:9
	android:label
		ADDED from AndroidManifest.xml:48:13
	android:name
		ADDED from AndroidManifest.xml:47:13
activity#com.example.samarth.zippyfood.cbm
ADDED from AndroidManifest.xml:50:9
	android:label
		ADDED from AndroidManifest.xml:52:13
	android:name
		ADDED from AndroidManifest.xml:51:13
activity#com.example.samarth.zippyfood.chickmomos
ADDED from AndroidManifest.xml:54:9
	android:label
		ADDED from AndroidManifest.xml:56:13
	android:name
		ADDED from AndroidManifest.xml:55:13
activity#com.example.samarth.zippyfood.dof
ADDED from AndroidManifest.xml:58:9
	android:label
		ADDED from AndroidManifest.xml:60:13
	android:name
		ADDED from AndroidManifest.xml:59:13
activity#com.example.samarth.zippyfood.pbp
ADDED from AndroidManifest.xml:62:9
	android:label
		ADDED from AndroidManifest.xml:64:13
	android:name
		ADDED from AndroidManifest.xml:63:13
activity#com.example.samarth.zippyfood.serniorita
ADDED from AndroidManifest.xml:66:9
	android:label
		ADDED from AndroidManifest.xml:68:13
	android:name
		ADDED from AndroidManifest.xml:67:13
activity#com.example.samarth.zippyfood.todiefor
ADDED from AndroidManifest.xml:70:9
	android:label
		ADDED from AndroidManifest.xml:72:13
	android:name
		ADDED from AndroidManifest.xml:71:13
activity#com.example.samarth.zippyfood.virginmojito
ADDED from AndroidManifest.xml:74:9
	android:label
		ADDED from AndroidManifest.xml:76:13
	android:name
		ADDED from AndroidManifest.xml:75:13
activity#com.example.samarth.zippyfood.tigerswing
ADDED from AndroidManifest.xml:78:9
	android:label
		ADDED from AndroidManifest.xml:80:13
	android:name
		ADDED from AndroidManifest.xml:79:13
activity#com.example.samarth.zippyfood.ccwh
ADDED from AndroidManifest.xml:82:9
	android:label
		ADDED from AndroidManifest.xml:84:13
	android:name
		ADDED from AndroidManifest.xml:83:13
activity#com.example.samarth.zippyfood.dalbukhara
ADDED from AndroidManifest.xml:86:9
	android:label
		ADDED from AndroidManifest.xml:88:13
	android:name
		ADDED from AndroidManifest.xml:87:13
activity#com.example.samarth.zippyfood.malaikofta
ADDED from AndroidManifest.xml:90:9
	android:label
		ADDED from AndroidManifest.xml:92:13
	android:name
		ADDED from AndroidManifest.xml:91:13
activity#com.example.samarth.zippyfood.misedveggies
ADDED from AndroidManifest.xml:94:9
	android:label
		ADDED from AndroidManifest.xml:96:13
	android:name
		ADDED from AndroidManifest.xml:95:13
activity#com.example.samarth.zippyfood.mudcake
ADDED from AndroidManifest.xml:98:9
	android:label
		ADDED from AndroidManifest.xml:100:13
	android:name
		ADDED from AndroidManifest.xml:99:13
activity#com.example.samarth.zippyfood.chocolatemousse
ADDED from AndroidManifest.xml:102:9
	android:label
		ADDED from AndroidManifest.xml:104:13
	android:name
		ADDED from AndroidManifest.xml:103:13
activity#com.example.samarth.zippyfood.icecream
ADDED from AndroidManifest.xml:106:9
	android:label
		ADDED from AndroidManifest.xml:108:13
	android:name
		ADDED from AndroidManifest.xml:107:13
activity#com.example.samarth.zippyfood.chocobrownie
ADDED from AndroidManifest.xml:110:9
	android:label
		ADDED from AndroidManifest.xml:112:13
	android:name
		ADDED from AndroidManifest.xml:111:13
activity#com.example.samarth.zippyfood.welcome2
ADDED from AndroidManifest.xml:114:9
	android:label
		ADDED from AndroidManifest.xml:116:13
	android:name
		ADDED from AndroidManifest.xml:115:13
activity#com.example.samarth.zippyfood.welcome1
ADDED from AndroidManifest.xml:118:9
	android:label
		ADDED from AndroidManifest.xml:120:13
	android:name
		ADDED from AndroidManifest.xml:119:13
activity#com.example.samarth.zippyfood.chinese
ADDED from AndroidManifest.xml:122:9
	android:label
		ADDED from AndroidManifest.xml:124:13
	android:name
		ADDED from AndroidManifest.xml:123:13
activity#com.example.samarth.zippyfood.indian
ADDED from AndroidManifest.xml:126:9
	android:label
		ADDED from AndroidManifest.xml:128:13
	android:name
		ADDED from AndroidManifest.xml:127:13
activity#com.example.samarth.zippyfood.pnrtk
ADDED from AndroidManifest.xml:130:9
	android:label
		ADDED from AndroidManifest.xml:132:13
	android:name
		ADDED from AndroidManifest.xml:131:13
activity#com.example.samarth.zippyfood.sabsh
ADDED from AndroidManifest.xml:134:9
	android:label
		ADDED from AndroidManifest.xml:136:13
	android:name
		ADDED from AndroidManifest.xml:135:13
activity#com.example.samarth.zippyfood.pnssh
ADDED from AndroidManifest.xml:138:9
	android:label
		ADDED from AndroidManifest.xml:140:13
	android:name
		ADDED from AndroidManifest.xml:139:13
activity#com.example.samarth.zippyfood.sabko
ADDED from AndroidManifest.xml:142:9
	android:label
		ADDED from AndroidManifest.xml:144:13
	android:name
		ADDED from AndroidManifest.xml:143:13
activity#com.example.samarth.zippyfood.chickar
ADDED from AndroidManifest.xml:146:9
	android:label
		ADDED from AndroidManifest.xml:148:13
	android:name
		ADDED from AndroidManifest.xml:147:13
activity#com.example.samarth.zippyfood.saagmeat
ADDED from AndroidManifest.xml:150:9
	android:label
		ADDED from AndroidManifest.xml:152:13
	android:name
		ADDED from AndroidManifest.xml:151:13
activity#com.example.samarth.zippyfood.chicmal
ADDED from AndroidManifest.xml:154:9
	android:label
		ADDED from AndroidManifest.xml:156:13
	android:name
		ADDED from AndroidManifest.xml:155:13
activity#com.example.samarth.zippyfood.mutdopya
ADDED from AndroidManifest.xml:158:9
	android:label
		ADDED from AndroidManifest.xml:160:13
	android:name
		ADDED from AndroidManifest.xml:159:13
activity#com.example.samarth.zippyfood.chowmein
ADDED from AndroidManifest.xml:162:9
	android:label
		ADDED from AndroidManifest.xml:164:13
	android:name
		ADDED from AndroidManifest.xml:163:13
activity#com.example.samarth.zippyfood.springroll
ADDED from AndroidManifest.xml:166:9
	android:label
		ADDED from AndroidManifest.xml:168:13
	android:name
		ADDED from AndroidManifest.xml:167:13
activity#com.example.samarth.zippyfood.rice
ADDED from AndroidManifest.xml:170:9
	android:label
		ADDED from AndroidManifest.xml:172:13
	android:name
		ADDED from AndroidManifest.xml:171:13
activity#com.example.samarth.zippyfood.breads
ADDED from AndroidManifest.xml:174:9
	android:label
		ADDED from AndroidManifest.xml:176:13
	android:name
		ADDED from AndroidManifest.xml:175:13
activity#com.example.samarth.zippyfood.salads
ADDED from AndroidManifest.xml:178:9
	android:label
		ADDED from AndroidManifest.xml:180:13
	android:name
		ADDED from AndroidManifest.xml:179:13
activity#com.example.samarth.zippyfood.vegmanch
ADDED from AndroidManifest.xml:182:9
	android:label
		ADDED from AndroidManifest.xml:184:13
	android:name
		ADDED from AndroidManifest.xml:183:13
activity#com.example.samarth.zippyfood.vegrice
ADDED from AndroidManifest.xml:186:9
	android:label
		ADDED from AndroidManifest.xml:188:13
	android:name
		ADDED from AndroidManifest.xml:187:13
activity#com.example.samarth.zippyfood.chillychic
ADDED from AndroidManifest.xml:190:9
	android:label
		ADDED from AndroidManifest.xml:192:13
	android:name
		ADDED from AndroidManifest.xml:191:13
activity#com.example.samarth.zippyfood.chicchow
ADDED from AndroidManifest.xml:194:9
	android:label
		ADDED from AndroidManifest.xml:196:13
	android:name
		ADDED from AndroidManifest.xml:195:13
activity#com.example.samarth.zippyfood.thai
ADDED from AndroidManifest.xml:198:9
	android:label
		ADDED from AndroidManifest.xml:200:13
	android:name
		ADDED from AndroidManifest.xml:199:13
activity#com.example.samarth.zippyfood.italian
ADDED from AndroidManifest.xml:202:9
	android:label
		ADDED from AndroidManifest.xml:204:13
	android:name
		ADDED from AndroidManifest.xml:203:13
activity#com.example.samarth.zippyfood.brush
ADDED from AndroidManifest.xml:206:9
	android:label
		ADDED from AndroidManifest.xml:208:13
	android:name
		ADDED from AndroidManifest.xml:207:13
activity#com.example.samarth.zippyfood.calzone
ADDED from AndroidManifest.xml:210:9
	android:label
		ADDED from AndroidManifest.xml:212:13
	android:name
		ADDED from AndroidManifest.xml:211:13
activity#com.example.samarth.zippyfood.cbd
ADDED from AndroidManifest.xml:214:9
	android:label
		ADDED from AndroidManifest.xml:216:13
	android:name
		ADDED from AndroidManifest.xml:215:13
activity#com.example.samarth.zippyfood.chicpasta
ADDED from AndroidManifest.xml:218:9
	android:label
		ADDED from AndroidManifest.xml:220:13
	android:name
		ADDED from AndroidManifest.xml:219:13
activity#com.example.samarth.zippyfood.chicspa
ADDED from AndroidManifest.xml:223:9
	android:label
		ADDED from AndroidManifest.xml:225:13
	android:name
		ADDED from AndroidManifest.xml:224:13
activity#com.example.samarth.zippyfood.rcp
ADDED from AndroidManifest.xml:227:9
	android:label
		ADDED from AndroidManifest.xml:229:13
	android:name
		ADDED from AndroidManifest.xml:228:13
uses-sdk
INJECTED from AndroidManifest.xml:0:0 reason: use-sdk injection requested
MERGED from com.android.support:appcompat-v7:21.0.3:15:5
MERGED from com.android.support:support-v4:21.0.3:15:5
	android:targetSdkVersion
		INJECTED from AndroidManifest.xml:0:0
		INJECTED from AndroidManifest.xml:0:0
	android:minSdkVersion
		INJECTED from AndroidManifest.xml:0:0
		INJECTED from AndroidManifest.xml:0:0